<?xml version="1.0" encoding="UTF-8"?>
<!-- Generated by org.testng.reporters.JUnitReportReporter -->
<testsuite hostname="Satish-ka-MacBook-Air.local" failures="0" tests="1" name="test.test2" time="0.001" errors="0" timestamp="2024-11-20T13:40:18 IST" skipped="0">
  <testcase classname="test.test2" name="example3" time="0.001"/>
  <system-out/>
</testsuite> <!-- test.test2 -->
