<?xml version="1.0" encoding="UTF-8"?>
<!-- Generated by org.testng.reporters.JUnitReportReporter -->
<testsuite hostname="Satish-ka-MacBook-Air.local" failures="0" tests="2" name="test.test1" time="0.004" errors="0" timestamp="2024-11-20T13:40:18 IST" skipped="0">
  <testcase classname="test.test1" name="example1" time="0.004"/>
  <system-out/>
  <testcase classname="test.test1" name="example2" time="0.000"/>
  <system-out/>
</testsuite> <!-- test.test1 -->
