<?xml version="1.0" encoding="UTF-8"?>
<!-- Generated by org.testng.reporters.JUnitReportReporter -->
<testsuite hostname="Satish-ka-MacBook-Air.local" failures="0" tests="1" name="pckg.test2" time="0.001" errors="0" timestamp="2024-11-21T13:24:00 IST" skipped="0">
  <testcase classname="pckg.test2" name="example3" time="0.001"/>
  <system-out/>
</testsuite> <!-- pckg.test2 -->
