<?xml version="1.0" encoding="UTF-8"?>
<!-- Generated by org.testng.reporters.JUnitReportReporter -->
<testsuite hostname="Satish-ka-MacBook-Air.local" failures="0" tests="1" name="pckg.carloan" time="0.004" errors="0" timestamp="2024-11-21T13:24:00 IST" skipped="0">
  <testcase classname="pckg.carloan" name="WebLogin" time="0.004"/>
  <system-out/>
</testsuite> <!-- pckg.carloan -->
