<?xml version="1.0" encoding="UTF-8"?>
<!-- Generated by org.testng.reporters.JUnitReportReporter -->
<testsuite hostname="Satish-ka-MacBook-Air.local" failures="0" tests="3" name="pckg.test3" time="0.004" errors="0" timestamp="2024-11-21T13:24:07 IST" skipped="0">
  <testcase classname="pckg.test3" name="testcase" time="0.004"/>
  <system-out/>
  <testcase classname="pckg.test3" name="testcase" time="0.000"/>
  <system-out/>
  <testcase classname="pckg.test3" name="testcase" time="0.000"/>
  <system-out/>
</testsuite> <!-- pckg.test3 -->
